d:\18cu0202\制作実習\ぺコストロ\xinput_dll\vegetableharzard\dllxinput\debug\vc141.pdb
d:\18cu0202\制作実習\ぺコストロ\xinput_dll\vegetableharzard\dllxinput\debug\vc141.idb
d:\18cu0202\制作実習\ぺコストロ\xinput_dll\vegetableharzard\dllxinput\debug\dllxinput.obj
d:\18cu0202\制作実習\ぺコストロ\xinput_dll\vegetableharzard\dllxinput\debug\dllmain.obj
d:\18cu0202\制作実習\ぺコストロ\xinput_dll\vegetableharzard\dllxinput\debug\dllxinput.pch
d:\18cu0202\制作実習\ぺコストロ\xinput_dll\vegetableharzard\dllxinput\debug\stdafx.obj
d:\18cu0202\制作実習\ぺコストロ\xinput_dll\vegetableharzard\dllxinput\debug\inputjudg.obj
d:\18cu0202\制作実習\ぺコストロ\xinput_dll\vegetableharzard\dllxinput\debug\inputinterface.obj
d:\unity_xinput\samplecontroler\dllxinput\debug\dllxinput.pch
d:\unity_xinput\samplecontroler\dllxinput\debug\vc141.pdb
d:\unity_xinput\samplecontroler\dllxinput\debug\vc141.idb
d:\unity_xinput\samplecontroler\dllxinput\debug\stdafx.obj
e:\制作実習\vegerablehazard\samplecontroler\dllxinput\debug\dllxinput.pch
e:\制作実習\vegerablehazard\samplecontroler\dllxinput\debug\vc141.pdb
e:\制作実習\vegerablehazard\samplecontroler\dllxinput\debug\vc141.idb
e:\制作実習\vegerablehazard\samplecontroler\dllxinput\debug\stdafx.obj
e:\制作実習\vegerablehazard\samplecontroler\dllxinput\debug\inputjudg.obj
e:\制作実習\vegerablehazard\samplecontroler\dllxinput\debug\inputinterface.obj
e:\制作実習\vegerablehazard\samplecontroler\dllxinput\debug\dllxinput.obj
e:\制作実習\vegerablehazard\samplecontroler\dllxinput\debug\dllmain.obj
d:\unity_xinput\samplecontroler\dllxinput\debug\inputjudg.obj
d:\unity_xinput\samplecontroler\dllxinput\debug\inputinterface.obj
d:\unity_xinput\samplecontroler\dllxinput\debug\dllxinput.obj
d:\unity_xinput\samplecontroler\dllxinput\debug\dllmain.obj
d:\18cu0202\制作実習\ぺコストロ\xinput_dll\vegetableharzard\dllxinput\debug\dllxinput.lib
d:\18cu0202\制作実習\ぺコストロ\xinput_dll\vegetableharzard\dllxinput\debug\dllxinput.exp
d:\unity_xinput\samplecontroler\dllxinput\debug\dllxinput.lib
d:\unity_xinput\samplecontroler\dllxinput\debug\dllxinput.exp
e:\制作実習\vegerablehazard\samplecontroler\dllxinput\debug\dllxinput.lib
e:\制作実習\vegerablehazard\samplecontroler\dllxinput\debug\dllxinput.exp
d:\18cu0202\制作実習\ぺコストロ\xinput_dll\vegetableharzard\dllxinput\debug\dllxinput.dll
d:\18cu0202\制作実習\ぺコストロ\xinput_dll\vegetableharzard\dllxinput\debug\dllxinput.ilk
d:\18cu0202\制作実習\ぺコストロ\xinput_dll\vegetableharzard\dllxinput\debug\dllxinput.pdb
e:\制作実習\vegerablehazard\samplecontroler\dllxinput\debug\dllxinput.ilk
e:\制作実習\vegerablehazard\samplecontroler\dllxinput\debug\dllxinput.dll
e:\制作実習\vegerablehazard\samplecontroler\dllxinput\debug\dllxinput.pdb
d:\unity_xinput\samplecontroler\dllxinput\debug\dllxinput.ilk
d:\unity_xinput\samplecontroler\dllxinput\debug\dllxinput.dll
d:\unity_xinput\samplecontroler\dllxinput\debug\dllxinput.pdb
d:\unity_xinput\samplecontroler\dllxinput\debug\dllxinput.tlog\cl.command.1.tlog
d:\unity_xinput\samplecontroler\dllxinput\debug\dllxinput.tlog\cl.read.1.tlog
d:\unity_xinput\samplecontroler\dllxinput\debug\dllxinput.tlog\cl.write.1.tlog
d:\unity_xinput\samplecontroler\dllxinput\debug\dllxinput.tlog\dllxinput.write.1u.tlog
d:\unity_xinput\samplecontroler\dllxinput\debug\dllxinput.tlog\link.18168.delete.1.tlog
d:\unity_xinput\samplecontroler\dllxinput\debug\dllxinput.tlog\link.command.1.tlog
d:\unity_xinput\samplecontroler\dllxinput\debug\dllxinput.tlog\link.delete.1.tlog
d:\unity_xinput\samplecontroler\dllxinput\debug\dllxinput.tlog\link.read.1.tlog
d:\unity_xinput\samplecontroler\dllxinput\debug\dllxinput.tlog\link.write.1.tlog
